ip,alpha,total,failed,succeeded,lossProbability,ertt,throughput
www.cam.ac.uk,0.8,9,3,6,0.333333333333,0.321922225723,6.58954298292
www.cam.ac.uk,0.8,29,11,18,0.379310344828,0.28976510451,6.86281358551
www.cam.ac.uk,0.8,49,15,34,0.30612244898,0.286507009245,7.72614383135
www.cam.ac.uk,0.8,69,20,49,0.289855072464,0.279380047321,8.14253793363
www.cam.ac.uk,0.8,89,29,60,0.325842696629,0.273599883467,7.84197991835
www.cam.ac.uk,0.8,109,36,73,0.330275229358,0.283619689624,7.51400103749
www.cam.ac.uk,0.8,129,40,89,0.31007751938,0.278082732642,7.90927118665
www.cam.ac.uk,0.8,149,43,106,0.288590604027,0.281885082581,8.08783797584
www.cam.ac.uk,0.81,9,3,6,0.333333333333,0.321635290373,6.59542160657
www.cam.ac.uk,0.81,29,11,18,0.379310344828,0.290159623406,6.85348248146
www.cam.ac.uk,0.81,49,15,34,0.30612244898,0.286142517051,7.73598549747
www.cam.ac.uk,0.81,69,20,49,0.289855072464,0.279342575602,8.14363019426
www.cam.ac.uk,0.81,89,29,60,0.325842696629,0.273773735886,7.83700008646
www.cam.ac.uk,0.81,109,36,73,0.330275229358,0.283527061744,7.51645585075
www.cam.ac.uk,0.81,129,40,89,0.31007751938,0.278111773042,7.90844530145
www.cam.ac.uk,0.81,149,43,106,0.288590604027,0.281937211034,8.08634258444
www.cam.ac.uk,0.82,9,3,6,0.333333333333,0.32127767275,6.60276304108
www.cam.ac.uk,0.82,29,11,18,0.379310344828,0.290594973727,6.84321504372
www.cam.ac.uk,0.82,49,15,34,0.30612244898,0.28579686958,7.74534152656
www.cam.ac.uk,0.82,69,20,49,0.289855072464,0.279306452496,8.14468342168
www.cam.ac.uk,0.82,89,29,60,0.325842696629,0.27394924827,7.83197911788
www.cam.ac.uk,0.82,109,36,73,0.330275229358,0.283420765392,7.51927488145
www.cam.ac.uk,0.82,129,40,89,0.31007751938,0.27815718124,7.90715427509
www.cam.ac.uk,0.82,149,43,106,0.288590604027,0.281989332932,8.08484793383
www.cam.ac.uk,0.83,9,3,6,0.333333333333,0.320846340757,6.61163951116
www.cam.ac.uk,0.83,29,11,18,0.379310344828,0.291073125636,6.8319735513
www.cam.ac.uk,0.83,49,15,34,0.30612244898,0.28547590845,7.7540496294
www.cam.ac.uk,0.83,69,20,49,0.289855072464,0.279273176776,8.14565387007
www.cam.ac.uk,0.83,89,29,60,0.325842696629,0.274127335274,7.82689106749
www.cam.ac.uk,0.83,109,36,73,0.330275229358,0.283299516924,7.52249303222
www.cam.ac.uk,0.83,129,40,89,0.31007751938,0.278219257491,7.90539003168
www.cam.ac.uk,0.83,149,43,106,0.288590604027,0.282040364475,8.08338508556
www.cam.ac.uk,0.84,9,3,6,0.333333333333,0.320338184747,6.62212762813
www.cam.ac.uk,0.84,29,11,18,0.379310344828,0.291595512441,6.81973422426
www.cam.ac.uk,0.84,49,15,34,0.30612244898,0.285186992568,7.76190506512
www.cam.ac.uk,0.84,69,20,49,0.289855072464,0.279244891499,8.14647895975
www.cam.ac.uk,0.84,89,29,60,0.325842696629,0.274309217507,7.82170140438
www.cam.ac.uk,0.84,109,36,73,0.330275229358,0.283162018712,7.52614581498
www.cam.ac.uk,0.84,129,40,89,0.31007751938,0.278298020737,7.90315266694
www.cam.ac.uk,0.84,149,43,106,0.288590604027,0.282089080224,8.0819891146
www.cam.ac.uk,0.85,9,3,6,0.333333333333,0.319750016207,6.63430879135
www.cam.ac.uk,0.85,29,11,18,0.379310344828,0.292162812673,6.80649216662
www.cam.ac.uk,0.85,49,15,34,0.30612244898,0.284939320601,7.76865178681
www.cam.ac.uk,0.85,69,20,49,0.289855072464,0.27922469851,8.14706809733
www.cam.ac.uk,0.85,89,29,60,0.325842696629,0.274496583441,7.81636246586
www.cam.ac.uk,0.85,109,36,73,0.330275229358,0.283007032354,7.53026744375
www.cam.ac.uk,0.85,129,40,89,0.31007751938,0.278393118639,7.9004529837
www.cam.ac.uk,0.85,149,43,106,0.288590604027,0.28213410393,8.08069936943
www.cam.ac.uk,0.86,9,3,6,0.333333333333,0.319078566434,6.64826963236
www.cam.ac.uk,0.86,29,11,18,0.379310344828,0.292774682671,6.79226727427
www.cam.ac.uk,0.86,49,15,34,0.30612244898,0.284744290792,7.7739727668
www.cam.ac.uk,0.86,69,20,49,0.289855072464,0.279217119739,8.14728923263
www.cam.ac.uk,0.86,89,29,60,0.325842696629,0.274691855693,7.81080598984
www.cam.ac.uk,0.86,109,36,73,0.330275229358,0.282833506757,7.5348874556
www.cam.ac.uk,0.86,129,40,89,0.31007751938,0.278503724119,7.89731538329
www.cam.ac.uk,0.86,149,43,106,0.288590604027,0.282173891821,8.07955995153
www.cam.ac.uk,0.87,9,3,6,0.333333333333,0.318320485209,6.66410250715
www.cam.ac.uk,0.87,29,11,18,0.379310344828,0.293429431019,6.7771112425
www.cam.ac.uk,0.87,49,15,34,0.30612244898,0.284615885658,7.77748001311
www.cam.ac.uk,0.87,69,20,49,0.289855072464,0.279228764282,8.14694947015
www.cam.ac.uk,0.87,89,29,60,0.325842696629,0.274898627462,7.80493089988
www.cam.ac.uk,0.87,109,36,73,0.330275229358,0.282640804257,7.54002468855
www.cam.ac.uk,0.87,129,40,89,0.31007751938,0.278628428636,7.89378081612
www.cam.ac.uk,0.87,149,43,106,0.288590604027,0.282206701459,8.07862061365
www.cam.ac.uk,0.88,9,3,6,0.333333333333,0.317472339481,6.68190604267
www.cam.ac.uk,0.88,29,11,18,0.379310344828,0.294123624897,6.76111582853
www.cam.ac.uk,0.88,49,15,34,0.30612244898,0.284571056752,7.7787052112
www.cam.ac.uk,0.88,69,20,49,0.289855072464,0.279269277806,8.14576759424
www.cam.ac.uk,0.88,89,29,60,0.325842696629,0.275122372626,7.79858348606
www.cam.ac.uk,0.88,109,36,73,0.330275229358,0.282429103675,7.54567647016
www.cam.ac.uk,0.88,129,40,89,0.31007751938,0.278765160594,7.88990898327
www.cam.ac.uk,0.88,149,43,106,0.288590604027,0.282230538214,8.07793830584
www.cam.ac.uk,0.89,9,3,6,0.333333333333,0.316530612038,6.70178574483
www.cam.ac.uk,0.89,29,11,18,0.379310344828,0.294851616998,6.74442255426
www.cam.ac.uk,0.89,49,15,34,0.30612244898,0.284630065803,7.77709254245
www.cam.ac.uk,0.89,69,20,49,0.289855072464,0.279352669206,8.14333594766
www.cam.ac.uk,0.89,89,29,60,0.325842696629,0.275371589209,7.79152561808
www.cam.ac.uk,0.89,109,36,73,0.330275229358,0.282200123395,7.55179911494
www.cam.ac.uk,0.89,129,40,89,0.31007751938,0.278911197664,7.88577785049
www.cam.ac.uk,0.89,149,43,106,0.288590604027,0.282243076803,8.07757944514
www.cam.ac.uk,0.9,9,3,6,0.333333333333,0.315491700189,6.72385467601
www.cam.ac.uk,0.9,29,11,18,0.379310344828,0.295604980063,6.72723407911
www.cam.ac.uk,0.9,49,15,34,0.30612244898,0.28481671037,7.77199609968
www.cam.ac.uk,0.9,69,20,49,0.289855072464,0.279499124217,8.13906891332
www.cam.ac.uk,0.9,89,29,60,0.325842696629,0.275659616147,7.78338452981
www.cam.ac.uk,0.9,109,36,73,0.330275229358,0.281958420858,7.55827272549
www.cam.ac.uk,0.9,129,40,89,0.31007751938,0.279063429142,7.8814760915
www.cam.ac.uk,0.9,149,43,106,0.288590604027,0.282241581745,8.07762223279
www.cam.ac.uk,0.91,9,3,6,0.333333333333,0.31435191444,6.74823421178
www.cam.ac.uk,0.91,29,11,18,0.379310344828,0.296371834338,6.70982753905
www.cam.ac.uk,0.91,49,15,34,0.30612244898,0.285158320896,7.76268549751
www.cam.ac.uk,0.91,69,20,49,0.289855072464,0.279737417868,8.13213566692
www.cam.ac.uk,0.91,89,29,60,0.325842696629,0.276007472295,7.77357501944
www.cam.ac.uk,0.91,109,36,73,0.330275229358,0.281713720072,7.56483795516
www.cam.ac.uk,0.91,129,40,89,0.31007751938,0.279219209806,7.87707889554
www.cam.ac.uk,0.91,149,43,106,0.288590604027,0.282222936839,8.07815587655
www.cam.ac.uk,0.92,9,3,6,0.333333333333,0.31310747717,6.77505488765
www.cam.ac.uk,0.92,29,11,18,0.379310344828,0.297136051199,6.69257024792
www.cam.ac.uk,0.92,49,15,34,0.30612244898,0.285685356548,7.74836480549
www.cam.ac.uk,0.92,69,20,49,0.289855072464,0.280108009785,8.12137658955
www.cam.ac.uk,0.92,89,29,60,0.325842696629,0.276448202469,7.76118192358
www.cam.ac.uk,0.92,109,36,73,0.330275229358,0.281485044891,7.57098354166
www.cam.ac.uk,0.92,129,40,89,0.31007751938,0.279378531566,7.87258681783
www.cam.ac.uk,0.92,149,43,106,0.288590604027,0.282184139263,8.07926654443
www.cam.ac.uk,0.93,9,3,6,0.333333333333,0.311754521312,6.80445734879
www.cam.ac.uk,0.93,29,11,18,0.379310344828,0.297876314054,6.67593830734
www.cam.ac.uk,0.93,49,15,34,0.30612244898,0.286430342443,7.72821183411
www.cam.ac.uk,0.93,69,20,49,0.289855072464,0.280666816767,8.10520694758
www.cam.ac.uk,0.93,89,29,60,0.325842696629,0.277033359808,7.74478854569
www.cam.ac.uk,0.93,109,36,73,0.330275229358,0.281307958493,7.57574955757
www.cam.ac.uk,0.93,129,40,89,0.31007751938,0.279549019008,7.86778559479
www.cam.ac.uk,0.93,149,43,106,0.288590604027,0.282124262626,8.0809812474
www.cam.ac.uk,0.94,9,3,6,0.333333333333,0.310289089028,6.83659341747
www.cam.ac.uk,0.94,29,11,18,0.379310344828,0.298565015066,6.66053889602
www.cam.ac.uk,0.94,49,15,34,0.30612244898,0.287425771584,7.70144705508
www.cam.ac.uk,0.94,69,20,49,0.289855072464,0.281489450032,8.08152004614
www.cam.ac.uk,0.94,89,29,60,0.325842696629,0.277842349507,7.72223815276
www.cam.ac.uk,0.94,109,36,73,0.330275229358,0.281246998105,7.57739160401
www.cam.ac.uk,0.94,129,40,89,0.31007751938,0.279756787763,7.86194237637
www.cam.ac.uk,0.94,149,43,106,0.288590604027,0.282050524773,8.08309389801
www.cam.ac.uk,0.95,9,3,6,0.333333333333,0.308707130386,6.87162729578
www.cam.ac.uk,0.95,29,11,18,0.379310344828,0.299166963554,6.64713734503
www.cam.ac.uk,0.95,49,15,34,0.30612244898,0.288700428256,7.66744398508
www.cam.ac.uk,0.95,69,20,49,0.289855072464,0.282675285087,8.04761771981
www.cam.ac.uk,0.95,89,29,60,0.325842696629,0.278995266904,7.690326849
www.cam.ac.uk,0.95,109,36,73,0.330275229358,0.281416470719,7.57282840142
www.cam.ac.uk,0.95,129,40,89,0.31007751938,0.280069099221,7.85317534463
www.cam.ac.uk,0.95,149,43,106,0.288590604027,0.281995029481,8.08468461276
www.cam.ac.uk,0.96,9,3,6,0.333333333333,0.307004502039,6.90973692395
www.cam.ac.uk,0.96,29,11,18,0.379310344828,0.29963787881,6.63669060712
www.cam.ac.uk,0.96,49,15,34,0.30612244898,0.290273359426,7.62589569534
www.cam.ac.uk,0.96,69,20,49,0.289855072464,0.284349941005,8.00022192788
www.cam.ac.uk,0.96,89,29,60,0.325842696629,0.280669278635,7.64445899548
www.cam.ac.uk,0.96,109,36,73,0.330275229358,0.282013971329,7.55678391411
www.cam.ac.uk,0.96,129,40,89,0.31007751938,0.280639908093,7.83720234138
www.cam.ac.uk,0.96,149,43,106,0.288590604027,0.282057832082,8.08288448824
www.cam.ac.uk,0.97,9,3,6,0.333333333333,0.305176965905,6.95111551841
www.cam.ac.uk,0.97,29,11,18,0.379310344828,0.299922636704,6.63038948207
www.cam.ac.uk,0.97,49,15,34,0.30612244898,0.292144404581,7.57705548149
www.cam.ac.uk,0.97,69,20,49,0.289855072464,0.286663321503,7.93565992778
www.cam.ac.uk,0.97,89,29,60,0.325842696629,0.283116895724,7.57837071619
www.cam.ac.uk,0.97,109,36,73,0.330275229358,0.283371576579,7.52058010835
www.cam.ac.uk,0.97,129,40,89,0.31007751938,0.281797806949,7.80499950872
www.cam.ac.uk,0.97,149,43,106,0.288590604027,0.282511874742,8.06989397455
www.cam.ac.uk,0.98,9,3,6,0.333333333333,0.303220187837,6.99597331792
www.cam.ac.uk,0.98,29,11,18,0.379310344828,0.299953235649,6.62971310023
www.cam.ac.uk,0.98,49,15,34,0.30612244898,0.294279763614,7.52207469157
www.cam.ac.uk,0.98,69,20,49,0.289855072464,0.289777888375,7.85036652028
www.cam.ac.uk,0.98,89,29,60,0.325842696629,0.286680447426,7.48416856147
www.cam.ac.uk,0.98,109,36,73,0.330275229358,0.28602753024,7.4507465778
www.cam.ac.uk,0.98,129,40,89,0.31007751938,0.284207332014,7.73882830259
www.cam.ac.uk,0.98,149,43,106,0.288590604027,0.284045843136,8.02631311393
www.cam.ac.uk,0.99,9,3,6,0.333333333333,0.301129736308,7.04453957145
www.cam.ac.uk,0.99,29,11,18,0.379310344828,0.299646443345,6.63650091636
www.cam.ac.uk,0.99,49,15,34,0.30612244898,0.296590498799,7.46347024293
www.cam.ac.uk,0.99,69,20,49,0.289855072464,0.29383762013,7.74190395432
www.cam.ac.uk,0.99,89,29,60,0.325842696629,0.291788353625,7.35315431598
www.cam.ac.uk,0.99,109,36,73,0.330275229358,0.290810966529,7.32819215014
www.cam.ac.uk,0.99,129,40,89,0.31007751938,0.289143430846,7.60671524979
www.cam.ac.uk,0.99,149,43,106,0.288590604027,0.288293938437,7.90804304829
